{"ip":"::1","level":"info","message":"Incoming request","method":"POST","requestId":"Qu0CnEomuw","timestamp":"2025-03-24T05:55:39.496Z","url":"/api/auth/register","userAgent":"PostmanRuntime/7.43.2"}
{"email":"chinmayakumardas2000@gamil.com","level":"info","message":"OTP email sent successfully","timestamp":"2025-03-24T05:55:43.531Z","type":"registration"}
{"level":"info","message":"Outgoing response","requestId":"Qu0CnEomuw","statusCode":200,"timestamp":"2025-03-24T05:55:43.533Z"}
{"ip":"::1","level":"info","message":"Incoming request","method":"POST","requestId":"d_93ueWP8T","timestamp":"2025-03-24T06:03:32.376Z","url":"/api/auth/register","userAgent":"PostmanRuntime/7.43.2"}
{"email":"chinmayakumardas2000@gamil.com","level":"info","message":"OTP email sent successfully","timestamp":"2025-03-24T06:03:36.109Z","type":"registration"}
{"level":"info","message":"Outgoing response","requestId":"d_93ueWP8T","statusCode":200,"timestamp":"2025-03-24T06:03:36.112Z"}
{"ip":"::1","level":"info","message":"Incoming request","method":"POST","requestId":"UFxoA3A5h1","timestamp":"2025-03-24T06:10:03.169Z","url":"/api/auth/register","userAgent":"PostmanRuntime/7.43.2"}
{"email":"chinmayakumardas2000@gamil.com","level":"info","message":"OTP email sent successfully","timestamp":"2025-03-24T06:10:10.001Z","type":"registration"}
{"level":"info","message":"Outgoing response","requestId":"UFxoA3A5h1","statusCode":200,"timestamp":"2025-03-24T06:10:10.007Z"}
{"ip":"::1","level":"info","message":"Incoming request","method":"POST","requestId":"TkqwXr4y0g","timestamp":"2025-03-24T06:12:41.927Z","url":"/api/auth/register","userAgent":"PostmanRuntime/7.43.2"}
{"email":"chinmayakumardas2000@gamil.com","level":"info","message":"OTP email sent successfully","timestamp":"2025-03-24T06:12:46.346Z","type":"registration"}
{"level":"info","message":"Outgoing response","requestId":"TkqwXr4y0g","statusCode":200,"timestamp":"2025-03-24T06:12:46.404Z"}
{"ip":"::1","level":"info","message":"Incoming request","method":"POST","requestId":"6gwAaXr0FM","timestamp":"2025-03-24T06:13:03.748Z","url":"/api/auth/register","userAgent":"PostmanRuntime/7.43.2"}
{"email":"chinmayakumardas2000@gamil.com","level":"info","message":"OTP email sent successfully","timestamp":"2025-03-24T06:13:07.081Z","type":"registration"}
{"level":"info","message":"Outgoing response","requestId":"6gwAaXr0FM","statusCode":200,"timestamp":"2025-03-24T06:13:07.083Z"}
{"ip":"::1","level":"info","message":"Incoming request","method":"POST","requestId":"cz3LjWDvia","timestamp":"2025-03-24T06:13:31.886Z","url":"/api/auth/register","userAgent":"PostmanRuntime/7.43.2"}
{"email":"chinmayakumardas2000@gamil.com","level":"info","message":"OTP email sent successfully","timestamp":"2025-03-24T06:13:35.243Z","type":"registration"}
{"level":"info","message":"Outgoing response","requestId":"cz3LjWDvia","statusCode":200,"timestamp":"2025-03-24T06:13:35.246Z"}
{"ip":"::1","level":"info","message":"Incoming request","method":"POST","requestId":"xgU1y3z_mu","timestamp":"2025-03-24T06:14:40.038Z","url":"/api/auth/register","userAgent":"PostmanRuntime/7.43.2"}
{"email":"dev.chinmayakumardas@outlook.com","level":"info","message":"OTP email sent successfully","timestamp":"2025-03-24T06:14:43.468Z","type":"registration"}
{"level":"info","message":"Outgoing response","requestId":"xgU1y3z_mu","statusCode":200,"timestamp":"2025-03-24T06:14:43.470Z"}
{"ip":"::1","level":"info","message":"Incoming request","method":"POST","requestId":"B405KpQTaQ","timestamp":"2025-03-24T06:16:33.119Z","url":"/api/auth/register","userAgent":"PostmanRuntime/7.43.2"}
{"error":"getaddrinfo ENOTFOUND fro007-shard-00-00.vapoa.mongodb.net","level":"error","message":"Error:","requestId":"B405KpQTaQ","stack":"MongoServerSelectionError: getaddrinfo ENOTFOUND fro007-shard-00-00.vapoa.mongodb.net\n    at Topology.selectServer (C:\\Users\\it_ch\\OneDrive - AAS Information Technolgogy\\dev\\meta\\meta-server\\saas-server\\node_modules\\mongodb\\lib\\sdam\\topology.js:321:38)\n    at async tryOperation (C:\\Users\\it_ch\\OneDrive - AAS Information Technolgogy\\dev\\meta\\meta-server\\saas-server\\node_modules\\mongodb\\lib\\operations\\execute_operation.js:192:22)\n    at async executeOperation (C:\\Users\\it_ch\\OneDrive - AAS Information Technolgogy\\dev\\meta\\meta-server\\saas-server\\node_modules\\mongodb\\lib\\operations\\execute_operation.js:75:16)\n    at async FindCursor._initialize (C:\\Users\\it_ch\\OneDrive - AAS Information Technolgogy\\dev\\meta\\meta-server\\saas-server\\node_modules\\mongodb\\lib\\cursor\\find_cursor.js:61:26)\n    at async FindCursor.cursorInit (C:\\Users\\it_ch\\OneDrive - AAS Information Technolgogy\\dev\\meta\\meta-server\\saas-server\\node_modules\\mongodb\\lib\\cursor\\abstract_cursor.js:633:27)\n    at async FindCursor.fetchBatch (C:\\Users\\it_ch\\OneDrive - AAS Information Technolgogy\\dev\\meta\\meta-server\\saas-server\\node_modules\\mongodb\\lib\\cursor\\abstract_cursor.js:667:13)\n    at async FindCursor.next (C:\\Users\\it_ch\\OneDrive - AAS Information Technolgogy\\dev\\meta\\meta-server\\saas-server\\node_modules\\mongodb\\lib\\cursor\\abstract_cursor.js:347:17)\n    at async Collection.findOne (C:\\Users\\it_ch\\OneDrive - AAS Information Technolgogy\\dev\\meta\\meta-server\\saas-server\\node_modules\\mongodb\\lib\\collection.js:277:21)\n    at async model.Query._findOne (C:\\Users\\it_ch\\OneDrive - AAS Information Technolgogy\\dev\\meta\\meta-server\\saas-server\\node_modules\\mongoose\\lib\\query.js:2661:15)\n    at async model.Query.exec (C:\\Users\\it_ch\\OneDrive - AAS Information Technolgogy\\dev\\meta\\meta-server\\saas-server\\node_modules\\mongoose\\lib\\query.js:4456:63)","timestamp":"2025-03-24T06:17:07.218Z"}
{"level":"info","message":"Outgoing response","requestId":"B405KpQTaQ","statusCode":500,"timestamp":"2025-03-24T06:17:07.223Z"}
{"ip":"::1","level":"info","message":"Incoming request","method":"POST","requestId":"K7MTLvV_pu","timestamp":"2025-03-24T06:17:46.374Z","url":"/api/auth/register","userAgent":"PostmanRuntime/7.43.2"}
{"email":"dev.chinmayakumardas@outlook.com","level":"info","message":"OTP email sent successfully","timestamp":"2025-03-24T06:17:50.037Z","type":"registration"}
{"level":"info","message":"Outgoing response","requestId":"K7MTLvV_pu","statusCode":200,"timestamp":"2025-03-24T06:17:50.040Z"}
